This file contains any messages produced by compilers while
running configure, to aid debugging if configure makes a mistake.

It was created by Chocolate Doom configure 3.1.1, which was
generated by GNU Autoconf 2.71.  Invocation command line was

  $ ./configure

## --------- ##
## Platform. ##
## --------- ##

hostname = pop-os
uname -m = x86_64
uname -r = 6.17.4-76061704-generic
uname -s = Linux
uname -v = #202510191616~1762410050~22.04~898873a SMP PREEMPT_DYNAMIC Thu N

/usr/bin/uname -p = x86_64
/bin/uname -X     = unknown

/bin/arch              = x86_64
/usr/bin/arch -k       = unknown
/usr/convex/getsysinfo = unknown
/usr/bin/hostinfo      = unknown
/bin/machine           = unknown
/usr/bin/oslevel       = unknown
/bin/universe          = unknown

PATH: /home/lenovo/.sdkman/candidates/gradle/current/bin/
PATH: /usr/lib/jvm/java-17-openjdk-amd64/bin/
PATH: /home/lenovo/.local/bin/
PATH: /home/lenovo/.local/bin/
PATH: /home/lenovo/.android-sdk/platform-tools/
PATH: /usr/lib/jvm/java-11-openjdk-amd64/bin/
PATH: /home/lenovo/bin/
PATH: /home/lenovo/.local/bin/
PATH: /home/lenovo/bin/
PATH: /usr/local/sbin/
PATH: /usr/local/bin/
PATH: /usr/sbin/
PATH: /usr/bin/
PATH: /sbin/
PATH: /bin/
PATH: /usr/games/
PATH: /usr/local/games/
PATH: /snap/bin/
PATH: /snap/bin/
PATH: /home/lenovo/.spicetify/
PATH: /path/to/spicetify/
PATH: /System/Applications/
PATH: ~/Minecraft/


## ----------- ##
## Core tests. ##
## ----------- ##

configure:2470: looking for aux files: missing install-sh compile ar-lib config.guess config.sub
configure:2483:  trying ./autotools/
configure:2512:   ./autotools/missing found
configure:2494:   ./autotools/install-sh found
configure:2512:   ./autotools/compile found
configure:2512:   ./autotools/ar-lib found
configure:2512:   ./autotools/config.guess found
configure:2512:   ./autotools/config.sub found
configure:2674: checking build system type
configure:2689: result: x86_64-pc-linux-gnu
configure:2709: checking host system type
configure:2723: result: x86_64-pc-linux-gnu
configure:2812: checking for gcc
configure:2833: found /usr/bin/gcc
configure:2844: result: gcc
configure:3197: checking for C compiler version
configure:3206: gcc --version >&5
gcc (Ubuntu 11.4.0-1ubuntu1~22.04.2) 11.4.0
Copyright (C) 2021 Free Software Foundation, Inc.
This is free software; see the source for copying conditions.  There is NO
warranty; not even for MERCHANTABILITY or FITNESS FOR A PARTICULAR PURPOSE.

configure:3217: $? = 0
configure:3206: gcc -v >&5
Using built-in specs.
COLLECT_GCC=gcc
COLLECT_LTO_WRAPPER=/usr/lib/gcc/x86_64-linux-gnu/11/lto-wrapper
OFFLOAD_TARGET_NAMES=nvptx-none:amdgcn-amdhsa
OFFLOAD_TARGET_DEFAULT=1
Target: x86_64-linux-gnu
Configured with: ../src/configure -v --with-pkgversion='Ubuntu 11.4.0-1ubuntu1~22.04.2' --with-bugurl=file:///usr/share/doc/gcc-11/README.Bugs --enable-languages=c,ada,c++,go,brig,d,fortran,objc,obj-c++,m2 --prefix=/usr --with-gcc-major-version-only --program-suffix=-11 --program-prefix=x86_64-linux-gnu- --enable-shared --enable-linker-build-id --libexecdir=/usr/lib --without-included-gettext --enable-threads=posix --libdir=/usr/lib --enable-nls --enable-bootstrap --enable-clocale=gnu --enable-libstdcxx-debug --enable-libstdcxx-time=yes --with-default-libstdcxx-abi=new --enable-gnu-unique-object --disable-vtable-verify --enable-plugin --enable-default-pie --with-system-zlib --enable-libphobos-checking=release --with-target-system-zlib=auto --enable-objc-gc=auto --enable-multiarch --disable-werror --enable-cet --with-arch-32=i686 --with-abi=m64 --with-multilib-list=m32,m64,mx32 --enable-multilib --with-tune=generic --enable-offload-targets=nvptx-none=/build/gcc-11-2Y5pKs/gcc-11-11.4.0/debian/tmp-nvptx/usr,amdgcn-amdhsa=/build/gcc-11-2Y5pKs/gcc-11-11.4.0/debian/tmp-gcn/usr --without-cuda-driver --enable-checking=release --build=x86_64-linux-gnu --host=x86_64-linux-gnu --target=x86_64-linux-gnu --with-build-config=bootstrap-lto-lean --enable-link-serialization=2
Thread model: posix
Supported LTO compression algorithms: zlib zstd
gcc version 11.4.0 (Ubuntu 11.4.0-1ubuntu1~22.04.2) 
... rest of stderr output deleted ...
configure:3217: $? = 0
configure:3206: gcc -V >&5
gcc: error: unrecognized command-line option '-V'
gcc: fatal error: no input files
compilation terminated.
configure:3217: $? = 1
configure:3206: gcc -qversion >&5
gcc: error: unrecognized command-line option '-qversion'; did you mean '--version'?
gcc: fatal error: no input files
compilation terminated.
configure:3217: $? = 1
configure:3206: gcc -version >&5
gcc: error: unrecognized command-line option '-version'
gcc: fatal error: no input files
compilation terminated.
configure:3217: $? = 1
configure:3237: checking whether the C compiler works
configure:3259: gcc    conftest.c  >&5
configure:3263: $? = 0
configure:3313: result: yes
configure:3316: checking for C compiler default output file name
configure:3318: result: a.out
configure:3324: checking for suffix of executables
configure:3331: gcc -o conftest    conftest.c  >&5
configure:3335: $? = 0
configure:3358: result: 
configure:3380: checking whether we are cross compiling
configure:3388: gcc -o conftest    conftest.c  >&5
configure:3392: $? = 0
configure:3399: ./conftest
configure:3403: $? = 0
configure:3418: result: no
configure:3423: checking for suffix of object files
configure:3446: gcc -c   conftest.c >&5
configure:3450: $? = 0
configure:3472: result: o
configure:3476: checking whether the compiler supports GNU C
configure:3496: gcc -c   conftest.c >&5
configure:3496: $? = 0
configure:3506: result: yes
configure:3517: checking whether gcc accepts -g
configure:3538: gcc -c -g  conftest.c >&5
configure:3538: $? = 0
configure:3582: result: yes
configure:3602: checking for gcc option to enable C11 features
configure:3617: gcc  -c -g -O2  conftest.c >&5
configure:3617: $? = 0
configure:3635: result: none needed
configure:3751: checking whether gcc understands -c and -o together
configure:3774: gcc -c conftest.c -o conftest2.o
configure:3777: $? = 0
configure:3774: gcc -c conftest.c -o conftest2.o
configure:3777: $? = 0
configure:3789: result: yes
configure:3862: checking for ar
configure:3883: found /usr/bin/ar
configure:3894: result: ar
configure:3920: checking the archiver (ar) interface
configure:3937: gcc -c -g -O2  conftest.c >&5
configure:3937: $? = 0
configure:3940: ar cru libconftest.a conftest.o >&5
ar: `u' modifier ignored since `D' is the default (see `U')
configure:3943: $? = 0
configure:3971: result: ar
configure:4040: checking for ranlib
configure:4061: found /usr/bin/ranlib
configure:4072: result: ranlib
configure:4096: checking for python3
configure:4117: found /usr/bin/python3
configure:4129: result: true
configure:4149: checking target system type
configure:4163: result: x86_64-pc-linux-gnu
configure:4267: checking for pkg-config
configure:4290: found /usr/bin/pkg-config
configure:4302: result: /usr/bin/pkg-config
configure:4327: checking pkg-config is at least version 0.9.0
configure:4330: result: yes
configure:4340: checking for sdl2 >= 2.0.14
configure:4347: $PKG_CONFIG --exists --print-errors "sdl2 >= 2.0.14"
configure:4350: $? = 0
configure:4364: $PKG_CONFIG --exists --print-errors "sdl2 >= 2.0.14"
configure:4367: $? = 0
configure:4425: result: yes
configure:4441: checking for SDL2_mixer >= 2.0.2
configure:4448: $PKG_CONFIG --exists --print-errors "SDL2_mixer >= 2.0.2"
configure:4451: $? = 0
configure:4465: $PKG_CONFIG --exists --print-errors "SDL2_mixer >= 2.0.2"
configure:4468: $? = 0
configure:4526: result: yes
configure:4550: checking for SDL2_net >= 2.0.0
configure:4557: $PKG_CONFIG --exists --print-errors "SDL2_net >= 2.0.0"
configure:4560: $? = 0
configure:4574: $PKG_CONFIG --exists --print-errors "SDL2_net >= 2.0.0"
configure:4577: $? = 0
configure:4635: result: yes
configure:4766: checking for samplerate >= 0.1.8
configure:4773: $PKG_CONFIG --exists --print-errors "samplerate >= 0.1.8"
Package samplerate was not found in the pkg-config search path.
Perhaps you should add the directory containing `samplerate.pc'
to the PKG_CONFIG_PATH environment variable
No package 'samplerate' found
configure:4776: $? = 1
configure:4790: $PKG_CONFIG --exists --print-errors "samplerate >= 0.1.8"
Package samplerate was not found in the pkg-config search path.
Perhaps you should add the directory containing `samplerate.pc'
to the PKG_CONFIG_PATH environment variable
No package 'samplerate' found
configure:4793: $? = 1
configure:4807: result: no
No package 'samplerate' found
configure:4877: checking for libpng >= 1.2.50
configure:4884: $PKG_CONFIG --exists --print-errors "libpng >= 1.2.50"
configure:4887: $? = 0
configure:4901: $PKG_CONFIG --exists --print-errors "libpng >= 1.2.50"
configure:4904: $? = 0
configure:4960: result: yes
configure:4988: checking for fluidsynth >= 2.2.0
configure:4995: $PKG_CONFIG --exists --print-errors "fluidsynth >= 2.2.0"
Package fluidsynth was not found in the pkg-config search path.
Perhaps you should add the directory containing `fluidsynth.pc'
to the PKG_CONFIG_PATH environment variable
No package 'fluidsynth' found
configure:4998: $? = 1
configure:5012: $PKG_CONFIG --exists --print-errors "fluidsynth >= 2.2.0"
Package fluidsynth was not found in the pkg-config search path.
Perhaps you should add the directory containing `fluidsynth.pc'
to the PKG_CONFIG_PATH environment variable
No package 'fluidsynth' found
configure:5015: $? = 1
configure:5029: result: no
No package 'fluidsynth' found
configure:5093: checking for log in -lm
configure:5116: gcc -o conftest -O2 -g -Wall -Wdeclaration-after-statement -Wredundant-decls  -D_REENTRANT -I/usr/include/SDL2  -I/usr/include/libpng16    -lSDL2  -lpng16 -lz  conftest.c -lm   >&5
conftest.c:14:6: warning: conflicting types for built-in function 'log'; expected 'double(double)' [-Wbuiltin-declaration-mismatch]
   14 | char log ();
      |      ^~~
conftest.c:1:1: note: 'log' is declared in header '<math.h>'
    1 | /* confdefs.h */
configure:5116: $? = 0
configure:5126: result: yes
configure:5141: checking for stdio.h
configure:5141: gcc -c -O2 -g -Wall -Wdeclaration-after-statement -Wredundant-decls  -D_REENTRANT -I/usr/include/SDL2  -I/usr/include/libpng16   conftest.c >&5
configure:5141: $? = 0
configure:5141: result: yes
configure:5141: checking for stdlib.h
configure:5141: gcc -c -O2 -g -Wall -Wdeclaration-after-statement -Wredundant-decls  -D_REENTRANT -I/usr/include/SDL2  -I/usr/include/libpng16   conftest.c >&5
configure:5141: $? = 0
configure:5141: result: yes
configure:5141: checking for string.h
configure:5141: gcc -c -O2 -g -Wall -Wdeclaration-after-statement -Wredundant-decls  -D_REENTRANT -I/usr/include/SDL2  -I/usr/include/libpng16   conftest.c >&5
configure:5141: $? = 0
configure:5141: result: yes
configure:5141: checking for inttypes.h
configure:5141: gcc -c -O2 -g -Wall -Wdeclaration-after-statement -Wredundant-decls  -D_REENTRANT -I/usr/include/SDL2  -I/usr/include/libpng16   conftest.c >&5
configure:5141: $? = 0
configure:5141: result: yes
configure:5141: checking for stdint.h
configure:5141: gcc -c -O2 -g -Wall -Wdeclaration-after-statement -Wredundant-decls  -D_REENTRANT -I/usr/include/SDL2  -I/usr/include/libpng16   conftest.c >&5
configure:5141: $? = 0
configure:5141: result: yes
configure:5141: checking for strings.h
configure:5141: gcc -c -O2 -g -Wall -Wdeclaration-after-statement -Wredundant-decls  -D_REENTRANT -I/usr/include/SDL2  -I/usr/include/libpng16   conftest.c >&5
configure:5141: $? = 0
configure:5141: result: yes
configure:5141: checking for sys/stat.h
configure:5141: gcc -c -O2 -g -Wall -Wdeclaration-after-statement -Wredundant-decls  -D_REENTRANT -I/usr/include/SDL2  -I/usr/include/libpng16   conftest.c >&5
configure:5141: $? = 0
configure:5141: result: yes
configure:5141: checking for sys/types.h
configure:5141: gcc -c -O2 -g -Wall -Wdeclaration-after-statement -Wredundant-decls  -D_REENTRANT -I/usr/include/SDL2  -I/usr/include/libpng16   conftest.c >&5
configure:5141: $? = 0
configure:5141: result: yes
configure:5141: checking for unistd.h
configure:5141: gcc -c -O2 -g -Wall -Wdeclaration-after-statement -Wredundant-decls  -D_REENTRANT -I/usr/include/SDL2  -I/usr/include/libpng16   conftest.c >&5
configure:5141: $? = 0
configure:5141: result: yes
configure:5166: checking for dirent.h
configure:5166: gcc -c -O2 -g -Wall -Wdeclaration-after-statement -Wredundant-decls  -D_REENTRANT -I/usr/include/SDL2  -I/usr/include/libpng16   conftest.c >&5
configure:5166: $? = 0
configure:5166: result: yes
configure:5172: checking for linux/kd.h
configure:5172: gcc -c -O2 -g -Wall -Wdeclaration-after-statement -Wredundant-decls  -D_REENTRANT -I/usr/include/SDL2  -I/usr/include/libpng16   conftest.c >&5
configure:5172: $? = 0
configure:5172: result: yes
configure:5178: checking for dev/isa/spkrio.h
configure:5178: gcc -c -O2 -g -Wall -Wdeclaration-after-statement -Wredundant-decls  -D_REENTRANT -I/usr/include/SDL2  -I/usr/include/libpng16   conftest.c >&5
conftest.c:51:10: fatal error: dev/isa/spkrio.h: No such file or directory
   51 | #include <dev/isa/spkrio.h>
      |          ^~~~~~~~~~~~~~~~~~
compilation terminated.
configure:5178: $? = 1
configure: failed program was:
| /* confdefs.h */
| #define PACKAGE_NAME "Chocolate Doom"
| #define PACKAGE_TARNAME "chocolate-doom"
| #define PACKAGE_VERSION "3.1.1"
| #define PACKAGE_STRING "Chocolate Doom 3.1.1"
| #define PACKAGE_BUGREPORT "chocolate-doom-dev-list@chocolate-doom.org"
| #define PACKAGE_URL ""
| #define HAVE_LIBPNG 1
| #define HAVE_LIBM 1
| #define HAVE_STDIO_H 1
| #define HAVE_STDLIB_H 1
| #define HAVE_STRING_H 1
| #define HAVE_INTTYPES_H 1
| #define HAVE_STDINT_H 1
| #define HAVE_STRINGS_H 1
| #define HAVE_SYS_STAT_H 1
| #define HAVE_SYS_TYPES_H 1
| #define HAVE_UNISTD_H 1
| #define STDC_HEADERS 1
| #define HAVE_DIRENT_H 1
| #define HAVE_LINUX_KD_H 1
| /* end confdefs.h.  */
| #include <stddef.h>
| #ifdef HAVE_STDIO_H
| # include <stdio.h>
| #endif
| #ifdef HAVE_STDLIB_H
| # include <stdlib.h>
| #endif
| #ifdef HAVE_STRING_H
| # include <string.h>
| #endif
| #ifdef HAVE_INTTYPES_H
| # include <inttypes.h>
| #endif
| #ifdef HAVE_STDINT_H
| # include <stdint.h>
| #endif
| #ifdef HAVE_STRINGS_H
| # include <strings.h>
| #endif
| #ifdef HAVE_SYS_TYPES_H
| # include <sys/types.h>
| #endif
| #ifdef HAVE_SYS_STAT_H
| # include <sys/stat.h>
| #endif
| #ifdef HAVE_UNISTD_H
| # include <unistd.h>
| #endif
| #include <dev/isa/spkrio.h>
configure:5178: result: no
configure:5184: checking for dev/speaker/speaker.h
configure:5184: gcc -c -O2 -g -Wall -Wdeclaration-after-statement -Wredundant-decls  -D_REENTRANT -I/usr/include/SDL2  -I/usr/include/libpng16   conftest.c >&5
conftest.c:51:10: fatal error: dev/speaker/speaker.h: No such file or directory
   51 | #include <dev/speaker/speaker.h>
      |          ^~~~~~~~~~~~~~~~~~~~~~~
compilation terminated.
configure:5184: $? = 1
configure: failed program was:
| /* confdefs.h */
| #define PACKAGE_NAME "Chocolate Doom"
| #define PACKAGE_TARNAME "chocolate-doom"
| #define PACKAGE_VERSION "3.1.1"
| #define PACKAGE_STRING "Chocolate Doom 3.1.1"
| #define PACKAGE_BUGREPORT "chocolate-doom-dev-list@chocolate-doom.org"
| #define PACKAGE_URL ""
| #define HAVE_LIBPNG 1
| #define HAVE_LIBM 1
| #define HAVE_STDIO_H 1
| #define HAVE_STDLIB_H 1
| #define HAVE_STRING_H 1
| #define HAVE_INTTYPES_H 1
| #define HAVE_STDINT_H 1
| #define HAVE_STRINGS_H 1
| #define HAVE_SYS_STAT_H 1
| #define HAVE_SYS_TYPES_H 1
| #define HAVE_UNISTD_H 1
| #define STDC_HEADERS 1
| #define HAVE_DIRENT_H 1
| #define HAVE_LINUX_KD_H 1
| /* end confdefs.h.  */
| #include <stddef.h>
| #ifdef HAVE_STDIO_H
| # include <stdio.h>
| #endif
| #ifdef HAVE_STDLIB_H
| # include <stdlib.h>
| #endif
| #ifdef HAVE_STRING_H
| # include <string.h>
| #endif
| #ifdef HAVE_INTTYPES_H
| # include <inttypes.h>
| #endif
| #ifdef HAVE_STDINT_H
| # include <stdint.h>
| #endif
| #ifdef HAVE_STRINGS_H
| # include <strings.h>
| #endif
| #ifdef HAVE_SYS_TYPES_H
| # include <sys/types.h>
| #endif
| #ifdef HAVE_SYS_STAT_H
| # include <sys/stat.h>
| #endif
| #ifdef HAVE_UNISTD_H
| # include <unistd.h>
| #endif
| #include <dev/speaker/speaker.h>
configure:5184: result: no
configure:5191: checking for mmap
configure:5191: gcc -o conftest -O2 -g -Wall -Wdeclaration-after-statement -Wredundant-decls  -D_REENTRANT -I/usr/include/SDL2  -I/usr/include/libpng16    -lSDL2  -lpng16 -lz  conftest.c -lm  >&5
configure:5191: $? = 0
configure:5191: result: yes
configure:5197: checking for ioperm
configure:5197: gcc -o conftest -O2 -g -Wall -Wdeclaration-after-statement -Wredundant-decls  -D_REENTRANT -I/usr/include/SDL2  -I/usr/include/libpng16    -lSDL2  -lpng16 -lz  conftest.c -lm  >&5
configure:5197: $? = 0
configure:5197: result: yes
configure:5204: checking for gcc options needed to detect all undeclared functions
configure:5226: gcc -c -O2 -g -Wall -Wdeclaration-after-statement -Wredundant-decls  -D_REENTRANT -I/usr/include/SDL2  -I/usr/include/libpng16    conftest.c >&5
conftest.c: In function 'main':
conftest.c:29:8: error: 'strchr' undeclared (first use in this function)
   29 | (void) strchr;
      |        ^~~~~~
conftest.c:1:1: note: 'strchr' is defined in header '<string.h>'; did you forget to '#include <string.h>'?
    1 | /* confdefs.h */
conftest.c:29:8: note: each undeclared identifier is reported only once for each function it appears in
   29 | (void) strchr;
      |        ^~~~~~
configure:5226: $? = 1
configure: failed program was:
| /* confdefs.h */
| #define PACKAGE_NAME "Chocolate Doom"
| #define PACKAGE_TARNAME "chocolate-doom"
| #define PACKAGE_VERSION "3.1.1"
| #define PACKAGE_STRING "Chocolate Doom 3.1.1"
| #define PACKAGE_BUGREPORT "chocolate-doom-dev-list@chocolate-doom.org"
| #define PACKAGE_URL ""
| #define HAVE_LIBPNG 1
| #define HAVE_LIBM 1
| #define HAVE_STDIO_H 1
| #define HAVE_STDLIB_H 1
| #define HAVE_STRING_H 1
| #define HAVE_INTTYPES_H 1
| #define HAVE_STDINT_H 1
| #define HAVE_STRINGS_H 1
| #define HAVE_SYS_STAT_H 1
| #define HAVE_SYS_TYPES_H 1
| #define HAVE_UNISTD_H 1
| #define STDC_HEADERS 1
| #define HAVE_DIRENT_H 1
| #define HAVE_LINUX_KD_H 1
| #define HAVE_MMAP 1
| #define HAVE_IOPERM 1
| /* end confdefs.h.  */
| 
| int
| main (void)
| {
| (void) strchr;
|   ;
|   return 0;
| }
configure:5253: gcc -c -O2 -g -Wall -Wdeclaration-after-statement -Wredundant-decls  -D_REENTRANT -I/usr/include/SDL2  -I/usr/include/libpng16    conftest.c >&5
configure:5253: $? = 0
configure:5270: result: none needed
configure:5284: checking whether strcasecmp is declared
configure:5284: gcc -c -O2 -g -Wall -Wdeclaration-after-statement -Wredundant-decls  -D_REENTRANT -I/usr/include/SDL2  -I/usr/include/libpng16    conftest.c >&5
configure:5284: $? = 0
configure:5284: result: yes
configure:5293: checking whether strncasecmp is declared
configure:5293: gcc -c -O2 -g -Wall -Wdeclaration-after-statement -Wredundant-decls  -D_REENTRANT -I/usr/include/SDL2  -I/usr/include/libpng16    conftest.c >&5
configure:5293: $? = 0
configure:5293: result: yes
configure:5307: checking for i386_iopl in -li386
configure:5330: gcc -o conftest -O2 -g -Wall -Wdeclaration-after-statement -Wredundant-decls  -D_REENTRANT -I/usr/include/SDL2  -I/usr/include/libpng16    -lSDL2  -lpng16 -lz  conftest.c -li386  -lm  >&5
/usr/bin/ld: cannot find -li386: No such file or directory
collect2: error: ld returned 1 exit status
configure:5330: $? = 1
configure: failed program was:
| /* confdefs.h */
| #define PACKAGE_NAME "Chocolate Doom"
| #define PACKAGE_TARNAME "chocolate-doom"
| #define PACKAGE_VERSION "3.1.1"
| #define PACKAGE_STRING "Chocolate Doom 3.1.1"
| #define PACKAGE_BUGREPORT "chocolate-doom-dev-list@chocolate-doom.org"
| #define PACKAGE_URL ""
| #define HAVE_LIBPNG 1
| #define HAVE_LIBM 1
| #define HAVE_STDIO_H 1
| #define HAVE_STDLIB_H 1
| #define HAVE_STRING_H 1
| #define HAVE_INTTYPES_H 1
| #define HAVE_STDINT_H 1
| #define HAVE_STRINGS_H 1
| #define HAVE_SYS_STAT_H 1
| #define HAVE_SYS_TYPES_H 1
| #define HAVE_UNISTD_H 1
| #define STDC_HEADERS 1
| #define HAVE_DIRENT_H 1
| #define HAVE_LINUX_KD_H 1
| #define HAVE_MMAP 1
| #define HAVE_IOPERM 1
| #define HAVE_DECL_STRCASECMP 1
| #define HAVE_DECL_STRNCASECMP 1
| /* end confdefs.h.  */
| 
| /* Override any GCC internal prototype to avoid an error.
|    Use char because int might match the return type of a GCC
|    builtin and then its argument prototype would still apply.  */
| char i386_iopl ();
| int
| main (void)
| {
| return i386_iopl ();
|   ;
|   return 0;
| }
configure:5340: result: no
configure:5350: checking for amd64_iopl in -lamd64
configure:5373: gcc -o conftest -O2 -g -Wall -Wdeclaration-after-statement -Wredundant-decls  -D_REENTRANT -I/usr/include/SDL2  -I/usr/include/libpng16    -lSDL2  -lpng16 -lz  conftest.c -lamd64  -lm  >&5
/usr/bin/ld: cannot find -lamd64: No such file or directory
collect2: error: ld returned 1 exit status
configure:5373: $? = 1
configure: failed program was:
| /* confdefs.h */
| #define PACKAGE_NAME "Chocolate Doom"
| #define PACKAGE_TARNAME "chocolate-doom"
| #define PACKAGE_VERSION "3.1.1"
| #define PACKAGE_STRING "Chocolate Doom 3.1.1"
| #define PACKAGE_BUGREPORT "chocolate-doom-dev-list@chocolate-doom.org"
| #define PACKAGE_URL ""
| #define HAVE_LIBPNG 1
| #define HAVE_LIBM 1
| #define HAVE_STDIO_H 1
| #define HAVE_STDLIB_H 1
| #define HAVE_STRING_H 1
| #define HAVE_INTTYPES_H 1
| #define HAVE_STDINT_H 1
| #define HAVE_STRINGS_H 1
| #define HAVE_SYS_STAT_H 1
| #define HAVE_SYS_TYPES_H 1
| #define HAVE_UNISTD_H 1
| #define STDC_HEADERS 1
| #define HAVE_DIRENT_H 1
| #define HAVE_LINUX_KD_H 1
| #define HAVE_MMAP 1
| #define HAVE_IOPERM 1
| #define HAVE_DECL_STRCASECMP 1
| #define HAVE_DECL_STRNCASECMP 1
| /* end confdefs.h.  */
| 
| /* Override any GCC internal prototype to avoid an error.
|    Use char because int might match the return type of a GCC
|    builtin and then its argument prototype would still apply.  */
| char amd64_iopl ();
| int
| main (void)
| {
| return amd64_iopl ();
|   ;
|   return 0;
| }
configure:5383: result: no
configure:5552: checking for objdump
configure:5573: found /usr/bin/objdump
configure:5584: result: objdump
configure:5654: checking for strip
configure:5675: found /usr/bin/strip
configure:5686: result: strip
configure:5790: checking for a BSD-compatible install
configure:5863: result: /usr/bin/install -c
configure:5874: checking whether build environment is sane
configure:5882: error: unsafe absolute working directory name

## ---------------- ##
## Cache variables. ##
## ---------------- ##

ac_cv_build=x86_64-pc-linux-gnu
ac_cv_c_compiler_gnu=yes
ac_cv_c_undeclared_builtin_options='none needed'
ac_cv_env_CC_set=
ac_cv_env_CC_value=
ac_cv_env_CFLAGS_set=
ac_cv_env_CFLAGS_value=
ac_cv_env_CPPFLAGS_set=
ac_cv_env_CPPFLAGS_value=
ac_cv_env_FLUIDSYNTH_CFLAGS_set=
ac_cv_env_FLUIDSYNTH_CFLAGS_value=
ac_cv_env_FLUIDSYNTH_LIBS_set=
ac_cv_env_FLUIDSYNTH_LIBS_value=
ac_cv_env_LDFLAGS_set=
ac_cv_env_LDFLAGS_value=
ac_cv_env_LIBS_set=
ac_cv_env_LIBS_value=
ac_cv_env_PKG_CONFIG_LIBDIR_set=
ac_cv_env_PKG_CONFIG_LIBDIR_value=
ac_cv_env_PKG_CONFIG_PATH_set=
ac_cv_env_PKG_CONFIG_PATH_value=
ac_cv_env_PKG_CONFIG_set=
ac_cv_env_PKG_CONFIG_value=
ac_cv_env_PNG_CFLAGS_set=
ac_cv_env_PNG_CFLAGS_value=
ac_cv_env_PNG_LIBS_set=
ac_cv_env_PNG_LIBS_value=
ac_cv_env_SAMPLERATE_CFLAGS_set=
ac_cv_env_SAMPLERATE_CFLAGS_value=
ac_cv_env_SAMPLERATE_LIBS_set=
ac_cv_env_SAMPLERATE_LIBS_value=
ac_cv_env_SDLMIXER_CFLAGS_set=
ac_cv_env_SDLMIXER_CFLAGS_value=
ac_cv_env_SDLMIXER_LIBS_set=
ac_cv_env_SDLMIXER_LIBS_value=
ac_cv_env_SDLNET_CFLAGS_set=
ac_cv_env_SDLNET_CFLAGS_value=
ac_cv_env_SDLNET_LIBS_set=
ac_cv_env_SDLNET_LIBS_value=
ac_cv_env_SDL_CFLAGS_set=
ac_cv_env_SDL_CFLAGS_value=
ac_cv_env_SDL_LIBS_set=
ac_cv_env_SDL_LIBS_value=
ac_cv_env_build_alias_set=
ac_cv_env_build_alias_value=
ac_cv_env_host_alias_set=
ac_cv_env_host_alias_value=
ac_cv_env_target_alias_set=
ac_cv_env_target_alias_value=
ac_cv_func_ioperm=yes
ac_cv_func_mmap=yes
ac_cv_have_decl_strcasecmp=yes
ac_cv_have_decl_strncasecmp=yes
ac_cv_header_dev_isa_spkrio_h=no
ac_cv_header_dev_speaker_speaker_h=no
ac_cv_header_dirent_h=yes
ac_cv_header_inttypes_h=yes
ac_cv_header_linux_kd_h=yes
ac_cv_header_stdint_h=yes
ac_cv_header_stdio_h=yes
ac_cv_header_stdlib_h=yes
ac_cv_header_string_h=yes
ac_cv_header_strings_h=yes
ac_cv_header_sys_stat_h=yes
ac_cv_header_sys_types_h=yes
ac_cv_header_unistd_h=yes
ac_cv_host=x86_64-pc-linux-gnu
ac_cv_lib_amd64_amd64_iopl=no
ac_cv_lib_i386_i386_iopl=no
ac_cv_lib_m_log=yes
ac_cv_objext=o
ac_cv_path_ac_pt_PKG_CONFIG=/usr/bin/pkg-config
ac_cv_path_install='/usr/bin/install -c'
ac_cv_prog_HAVE_PYTHON=true
ac_cv_prog_ac_ct_AR=ar
ac_cv_prog_ac_ct_CC=gcc
ac_cv_prog_ac_ct_OBJDUMP=objdump
ac_cv_prog_ac_ct_RANLIB=ranlib
ac_cv_prog_ac_ct_STRIP=strip
ac_cv_prog_cc_c11=
ac_cv_prog_cc_g=yes
ac_cv_prog_cc_stdc=
ac_cv_target=x86_64-pc-linux-gnu
am_cv_ar_interface=ar
am_cv_prog_cc_c_o=yes
pkg_cv_PNG_CFLAGS=-I/usr/include/libpng16
pkg_cv_PNG_LIBS='-lpng16 -lz'
pkg_cv_SDLMIXER_CFLAGS='-D_REENTRANT -I/usr/include/SDL2'
pkg_cv_SDLMIXER_LIBS='-lSDL2_mixer -lSDL2'
pkg_cv_SDLNET_CFLAGS='-D_REENTRANT -I/usr/include/SDL2'
pkg_cv_SDLNET_LIBS='-lSDL2_net -lSDL2'
pkg_cv_SDL_CFLAGS='-D_REENTRANT -I/usr/include/SDL2'
pkg_cv_SDL_LIBS=-lSDL2

## ----------------- ##
## Output variables. ##
## ----------------- ##

ACLOCAL=''
AMDEPBACKSLASH=''
AMDEP_FALSE=''
AMDEP_TRUE=''
AMTAR=''
AM_BACKSLASH=''
AM_DEFAULT_V=''
AM_DEFAULT_VERBOSITY=''
AM_V=''
AR='ar'
AUTOCONF=''
AUTOHEADER=''
AUTOMAKE=''
AWK=''
CC='gcc'
CCDEPMODE=''
CFLAGS='-O2 -g -Wall -Wdeclaration-after-statement -Wredundant-decls  -D_REENTRANT -I/usr/include/SDL2  -I/usr/include/libpng16 '
CPPFLAGS=''
CSCOPE=''
CTAGS=''
CYGPATH_W=''
DEFS=''
DEPDIR=''
ECHO_C=''
ECHO_N='-n'
ECHO_T=''
EM_LDFLAGS=''
ETAGS=''
EXEEXT=''
FLUIDSYNTH_CFLAGS=''
FLUIDSYNTH_LIBS=''
HAVE_BASH_COMPLETION_FALSE='#'
HAVE_BASH_COMPLETION_TRUE=''
HAVE_DOC_FALSE='#'
HAVE_DOC_TRUE=''
HAVE_FONTS_FALSE='#'
HAVE_FONTS_TRUE=''
HAVE_ICONS_FALSE='#'
HAVE_ICONS_TRUE=''
HAVE_PYTHON='true'
HAVE_WINDRES_FALSE=''
HAVE_WINDRES_TRUE='#'
HAVE_ZPOOL_FALSE='#'
HAVE_ZPOOL_TRUE=''
INSTALL_DATA='${INSTALL} -m 644'
INSTALL_PROGRAM='${INSTALL}'
INSTALL_SCRIPT='${INSTALL}'
INSTALL_STRIP_PROGRAM=''
LDFLAGS=' -lSDL2  -lpng16 -lz '
LIBOBJS=''
LIBS='-lm '
LTLIBOBJS=''
MAKEINFO=''
MKDIR_P=''
OBJDUMP='objdump'
OBJEXT='o'
PACKAGE=''
PACKAGE_BUGREPORT='https://github.com/chocolate-doom/chocolate-doom/issues'
PACKAGE_COPYRIGHT='Copyright (C) 1993-2025'
PACKAGE_LICENSE='GNU General Public License, version 2'
PACKAGE_MAINTAINER='Simon Howard'
PACKAGE_NAME='Chocolate Doom'
PACKAGE_RDNS='org.chocolate_doom'
PACKAGE_SHORTDESC='Conservative source port'
PACKAGE_SHORTNAME='Chocolate'
PACKAGE_STRING='Chocolate Doom 3.1.1'
PACKAGE_TARNAME='chocolate-doom'
PACKAGE_URL='https://www.chocolate-doom.org/'
PACKAGE_VERSION='3.1.1'
PATH_SEPARATOR=':'
PKG_CONFIG='/usr/bin/pkg-config'
PKG_CONFIG_LIBDIR=''
PKG_CONFIG_PATH=''
PNG_CFLAGS='-I/usr/include/libpng16'
PNG_LIBS='-lpng16 -lz'
PROGRAM_PREFIX=''
PROGRAM_SPREFIX=''
RANLIB='ranlib'
SAMPLERATE_CFLAGS=''
SAMPLERATE_LIBS=''
SDLMIXER_CFLAGS='-D_REENTRANT -I/usr/include/SDL2'
SDLMIXER_LIBS='-lSDL2_mixer -lSDL2'
SDLNET_CFLAGS='-D_REENTRANT -I/usr/include/SDL2'
SDLNET_LIBS='-lSDL2_net -lSDL2'
SDL_CFLAGS='-D_REENTRANT -I/usr/include/SDL2'
SDL_LIBS='-lSDL2'
SET_MAKE=''
SHELL='/bin/bash'
STRIP='strip'
TARGET_OS='x64'
VERSION=''
WINDOWS_RC_VERSION=''
WINDRES=''
ac_aux_dir='./autotools/'
ac_ct_AR='ar'
ac_ct_CC='gcc'
am__EXEEXT_FALSE=''
am__EXEEXT_TRUE=''
am__fastdepCC_FALSE=''
am__fastdepCC_TRUE=''
am__include=''
am__isrc=''
am__leading_dot=''
am__nodep=''
am__quote=''
am__tar=''
am__untar=''
bindir='${exec_prefix}/bin'
build='x86_64-pc-linux-gnu'
build_alias=''
build_cpu='x86_64'
build_os='linux-gnu'
build_vendor='pc'
datadir='${datarootdir}'
datarootdir='${prefix}/share'
docdir='${datarootdir}/doc/${PACKAGE_TARNAME}'
dvidir='${docdir}'
exec_prefix='NONE'
host='x86_64-pc-linux-gnu'
host_alias=''
host_cpu='x86_64'
host_os='linux-gnu'
host_vendor='pc'
htmldir='${docdir}'
includedir='${prefix}/include'
infodir='${datarootdir}/info'
install_sh=''
libdir='${exec_prefix}/lib'
libexecdir='${exec_prefix}/libexec'
localedir='${datarootdir}/locale'
localstatedir='${prefix}/var'
mandir='${datarootdir}/man'
mkdir_p=''
oldincludedir='/usr/include'
pdfdir='${docdir}'
prefix='NONE'
program_transform_name='s,x,x,'
psdir='${docdir}'
runstatedir='${localstatedir}/run'
sbindir='${exec_prefix}/sbin'
sharedstatedir='${prefix}/com'
sysconfdir='${prefix}/etc'
target='x86_64-pc-linux-gnu'
target_alias=''
target_cpu='x86_64'
target_os='linux-gnu'
target_vendor='pc'

## ----------- ##
## confdefs.h. ##
## ----------- ##

/* confdefs.h */
#define PACKAGE_NAME "Chocolate Doom"
#define PACKAGE_TARNAME "chocolate-doom"
#define PACKAGE_VERSION "3.1.1"
#define PACKAGE_STRING "Chocolate Doom 3.1.1"
#define PACKAGE_BUGREPORT "chocolate-doom-dev-list@chocolate-doom.org"
#define PACKAGE_URL ""
#define HAVE_LIBPNG 1
#define HAVE_LIBM 1
#define HAVE_STDIO_H 1
#define HAVE_STDLIB_H 1
#define HAVE_STRING_H 1
#define HAVE_INTTYPES_H 1
#define HAVE_STDINT_H 1
#define HAVE_STRINGS_H 1
#define HAVE_SYS_STAT_H 1
#define HAVE_SYS_TYPES_H 1
#define HAVE_UNISTD_H 1
#define STDC_HEADERS 1
#define HAVE_DIRENT_H 1
#define HAVE_LINUX_KD_H 1
#define HAVE_MMAP 1
#define HAVE_IOPERM 1
#define HAVE_DECL_STRCASECMP 1
#define HAVE_DECL_STRNCASECMP 1

configure: exit 1
